<?xml version="1.0" encoding="UTF-8"?>
<testsuite xmlns:xsi="http://www.w3.org/2001/XMLSchema-instance" xsi:noNamespaceSchemaLocation="https://maven.apache.org/surefire/maven-surefire-plugin/xsd/surefire-test-report.xsd" name="com.mycompany.app.AppTest" time="0.038" tests="1" errors="0" skipped="0" failures="0">
  <properties>
    <property name="java.specification.version" value="21"/>
    <property name="sun.cpu.isalist" value="amd64"/>
    <property name="sun.jnu.encoding" value="Cp1252"/>
    <property name="java.class.path" value="C:\Users\pradi\Downloads\java-app-with-maven-main\java-app-with-maven-main\my-app\target\test-classes;C:\Users\pradi\Downloads\java-app-with-maven-main\java-app-with-maven-main\my-app\target\classes;C:\Users\pradi\.m2\repository\junit\junit\4.11\junit-4.11.jar;C:\Users\pradi\.m2\repository\org\hamcrest\hamcrest-core\1.3\hamcrest-core-1.3.jar;"/>
    <property name="java.vm.vendor" value="Oracle Corporation"/>
    <property name="sun.arch.data.model" value="64"/>
    <property name="user.variant" value=""/>
    <property name="java.vendor.url" value="https://java.oracle.com/"/>
    <property name="user.timezone" value="Asia/Calcutta"/>
    <property name="os.name" value="Windows 11"/>
    <property name="java.vm.specification.version" value="21"/>
    <property name="sun.java.launcher" value="SUN_STANDARD"/>
    <property name="user.country" value="US"/>
    <property name="sun.boot.library.path" value="C:\Program Files\Java\jdk-21\bin"/>
    <property name="sun.java.command" value="C:\Users\pradi\AppData\Local\Temp\surefire12646264160542289768\surefirebooter1608007860386166082.jar C:\Users\pradi\AppData\Local\Temp\surefire12646264160542289768 2025-02-14T14-17-21_320-jvmRun1 surefire9140968102572054848tmp surefire_07435640762238859492tmp"/>
    <property name="jdk.debug" value="release"/>
    <property name="surefire.test.class.path" value="C:\Users\pradi\Downloads\java-app-with-maven-main\java-app-with-maven-main\my-app\target\test-classes;C:\Users\pradi\Downloads\java-app-with-maven-main\java-app-with-maven-main\my-app\target\classes;C:\Users\pradi\.m2\repository\junit\junit\4.11\junit-4.11.jar;C:\Users\pradi\.m2\repository\org\hamcrest\hamcrest-core\1.3\hamcrest-core-1.3.jar;"/>
    <property name="sun.cpu.endian" value="little"/>
    <property name="user.home" value="C:\Users\pradi"/>
    <property name="user.language" value="en"/>
    <property name="java.specification.vendor" value="Oracle Corporation"/>
    <property name="java.version.date" value="2025-01-21"/>
    <property name="java.home" value="C:\Program Files\Java\jdk-21"/>
    <property name="file.separator" value="\"/>
    <property name="basedir" value="C:\Users\pradi\Downloads\java-app-with-maven-main\java-app-with-maven-main\my-app"/>
    <property name="java.vm.compressedOopsMode" value="Zero based"/>
    <property name="line.separator" value="&#10;"/>
    <property name="java.vm.specification.vendor" value="Oracle Corporation"/>
    <property name="java.specification.name" value="Java Platform API Specification"/>
    <property name="surefire.real.class.path" value="C:\Users\pradi\AppData\Local\Temp\surefire12646264160542289768\surefirebooter1608007860386166082.jar"/>
    <property name="user.script" value=""/>
    <property name="sun.management.compiler" value="HotSpot 64-Bit Tiered Compilers"/>
    <property name="java.runtime.version" value="21.0.6+8-LTS-188"/>
    <property name="user.name" value="pradi"/>
    <property name="stdout.encoding" value="Cp1252"/>
    <property name="path.separator" value=";"/>
    <property name="os.version" value="10.0"/>
    <property name="java.runtime.name" value="Java(TM) SE Runtime Environment"/>
    <property name="file.encoding" value="UTF-8"/>
    <property name="java.vm.name" value="Java HotSpot(TM) 64-Bit Server VM"/>
    <property name="localRepository" value="C:\Users\pradi\.m2\repository"/>
    <property name="java.vendor.url.bug" value="https://bugreport.java.com/bugreport/"/>
    <property name="java.io.tmpdir" value="C:\Users\pradi\AppData\Local\Temp\"/>
    <property name="java.version" value="21.0.6"/>
    <property name="user.dir" value="C:\Users\pradi\Downloads\java-app-with-maven-main\java-app-with-maven-main\my-app"/>
    <property name="os.arch" value="amd64"/>
    <property name="java.vm.specification.name" value="Java Virtual Machine Specification"/>
    <property name="sun.os.patch.level" value=""/>
    <property name="native.encoding" value="Cp1252"/>
    <property name="java.library.path" value="C:\Program Files\Java\jdk-21\bin;C:\WINDOWS\Sun\Java\bin;C:\WINDOWS\system32;C:\WINDOWS;C:\Program Files\Common Files\Oracle\Java\javapath;C:\Windows\System32;C:\Windows;C:\Windows\System32\wbem;C:\Windows\System32\WindowsPowerShell\v1.0\;C:\Windows\System32\OpenSSH\;C:\Program Files\nodejs\;C:\ProgramData\chocolatey\bin;C:\Program Files\Microsoft SQL Server\150\Tools\Binn\;C:\Program Files\Microsoft SQL Server\Client SDK\ODBC\170\Tools\Binn\;C:\Program Files\dotnet\;C:\Program Files\Git\cmd;C:\Users\pradi\AppData\Local\Pub\Cache\bin;C:\Program Files (x86)\GnuPG\bin;C:\Users\pradi\anaconda3\condabin;C:\MinGW\bin;C:\Python311;C:\Python311\Scripts;C:\Users\pradi\AppData\Local\Programs\Python\Python312\Scripts;C:\jdk-20_windows-x64_bin\jdk-20.0.2\bin;C:\Program Files\Erlang OTP\bin;C:\Program Files\Elixir\bin;C:\Users\pradi\.cargo\bin;C:\apache-maven-3.9.9\bin;C:\Users\pradi\scoop\apps\mpv\current;C:\Users\pradi\scoop\shims;C:\Users\pradi\.cargo;C:\Program Files\Elixir;C:\Program Files\Erlang OTP;C:\Users\pradi\AppData\Local\Programs\Python\Launcher\;C:\Program Files\MySQL\MySQL Shell 8.0\bin\;C:\Users\pradi\AppData\Local\Microsoft\WindowsApps;C:\Users\pradi\Downloads\flutter_windows_3.10.6-stable\flutter\bin;C:\Users\pradi\AppData\Roaming\npm;C:\Users\pradi\AppData\Local\Programs\Microsoft VS Code\bin;C:\Users\pradi\.dotnet\tools;C:\Users\pradi\AppData\Local\Microsoft\WinGet\Links;C:\Users\pradi\AppData\Local\Pub\Cache\bin;C:\Users\pradi\AppData\Local\GitHubDesktop\bin;C:\Users\pradi\anaconda3\condabin;C:\MinGW\bin;C:\Python311\Scripts\;C:\Users\pradi\AppData\Local\Programs\Python\Python312\Scripts;C:\jdk-20_windows-x64_bin\jdk-20.0.2\bin;C:\Users\pradi\AppData\Local\Programs\Ollama;C:\apache-maven-3.9.9\bin;;."/>
    <property name="java.vm.info" value="mixed mode, sharing"/>
    <property name="stderr.encoding" value="Cp1252"/>
    <property name="java.vendor" value="Oracle Corporation"/>
    <property name="java.vm.version" value="21.0.6+8-LTS-188"/>
    <property name="sun.io.unicode.encoding" value="UnicodeLittle"/>
    <property name="java.class.version" value="65.0"/>
  </properties>
  <testcase name="shouldAnswerWithTrue" classname="com.mycompany.app.AppTest" time="0"/>
</testsuite>